ProParameterInit returned-2
ProParameterValueGet-2
ProParamvalueTypeGet-2
ProParamvalueValueGet-2
ProParameterInit returned-2
ProParameterValueGet-2
ProParamvalueTypeGet-2
ProParamvalueValueGet-2
ProParameterInit returned-2
ProParameterValueGet-2
ProParamvalueTypeGet-2
ProParamvalueValueGet-2
ProParameterInit returned-2
ProParameterValueGet-2
ProParamvalueTypeGet-2
ProParamvalueValueGet-2
ProParameterInit returned-2
ProParameterValueGet-2
ProParamvalueTypeGet-2
ProParamvalueValueGet-2
ProParameterInit returned-2
ProParameterValueGet-2
ProParamvalueTypeGet-2
ProParamvalueValueGet-2
3
4
5
