InstanceName is: PPU
InstanceName is: 0
let us see how this change: 0
let us see waht in the  part: Montageplatte
InstanceName is: 0
let us see how this change: 0
let us see waht in the  part: Montageplatte
InstanceName is: PPU
InstanceName is: PPU
let us see how this change: 6
let us see waht in the  part: Montageplatte
ProMdlCurrentGet returned
ProMdlCurrentGet returned0
what step it comes
3
4
5
InstanceName is: PPU
let us see how this change: 5
let us see waht in the  part: Montageplatte
ProMdlCurrentGet returned
ProMdlCurrentGet returned0
what step it comes
3
4
5
InstanceName is: PPU
let us see how this change: 5
let us see waht in the  part: Montageplatte
ProMdlCurrentGet returned
ProMdlCurrentGet returned0
what step it comes
3
4
5
InstanceName is: PPU
let us see how this change: 5
let us see waht in the  part: Montageplatte
ProMdlCurrentGet returned
ProMdlCurrentGet returned0
what step it comes
3
4
5
