-------------------------------------------------
The trace creation timestamp is: Fr Mrz 09 11:19:37 18
The executable build timestamp is: Do Jun 23 12:50:13 16
The datecode is: 2016130
The pro machine type is: x86e_win64
The process ID is: 3540
The traceback type is : CRASH
The logger exit status is: 01003
The release is: 3.0
The external datecode is: M100
The product title is: Creo Parametric
-------------------------------------------------
Exception EXCEPTION_ACCESS_VIOLATION has occurred in the thread 4924.

Main Thread 4924
=====================
0x000007FEDAA260D0	memcmp (memcmp.asm:94) (LogParams:0x000007FEDA700000) ( 0xcccccccc, 0xcccccccc, 0xcccccccc, 0xcccccccc ) 
0x000007FEDA7012BE	std::char_traits<char>::compare (iosfwd:517) (LogParams:0x000007FEDA700000) ( 0x0, 0xdb98bce4, 0x1, 0xcccccccc ) 
0x000007FEDA70D578	std::basic_string<char,std::char_traits<char>,std::allocator<char> >::compare (xstring:2163) (LogParams:0x000007FEDA700000) ( 0xdbae0650, 0x0, 0xb10926bf, 0xdb98bce4 ) 
0x000007FEDA707BBC	std::basic_string<char,std::char_traits<char>,std::allocator<char> >::compare (xstring:2141) (LogParams:0x000007FEDA700000) ( 0xdbae0650, 0xdb98bce4, 0x0, 0x800001 ) 
0x000007FEDA705FF4	Parameter_export (main.cpp:500) (LogParams:0x000007FEDA700000) ( 0x13e38090, 0x99d860, 0x0, 0x31aadf00 ) 
0x000007FEE1E70D8A	NULL (NULL:0) (libui_sh:0x000007FEE1BF0000) ( 0x1, 0x202d77, 0xe1db3330, 0x0 ) 
0x000007FEE1DAE6B9	NULL (NULL:0) (libui_sh:0x000007FEE1BF0000) ( 0x13e38090, 0x800000, 0xe2f9f60, 0xe2f9f60 ) 
0x0000000144E7D492	NULL (NULL:0) (xtop:0x000000013F4B0000) ( 0x99dab0, 0x0, 0x99dc50, 0x0 ) 
0x0000000144E77C49	NULL (NULL:0) (xtop:0x000000013F4B0000) ( 0x0, 0x99de70, 0x6385e08, 0xffffffff ) 
0x00000001455EACB2	NULL (NULL:0) (xtop:0x000000013F4B0000) ( 0x0, 0x0, 0x0, 0x0 ) 
0x00000001455EE2B4	NULL (NULL:0) (xtop:0x000000013F4B0000) ( 0x23, 0x99de70, 0x99ddc0, 0x1b ) 
0x00000001455EB356	NULL (NULL:0) (xtop:0x000000013F4B0000) ( 0x0, 0x0, 0x23, 0x0 ) 
0x00000001455F6357	NULL (NULL:0) (xtop:0x000000013F4B0000) ( 0x1, 0x1b, 0x99e110, 0x49f32910 ) 
0x00000001455EFFB4	NULL (NULL:0) (xtop:0x000000013F4B0000) ( 0x0, 0x0, 0x0, 0x0 ) 
0x000007FEEA3FA7EB	NULL (NULL:0) (coretools_sh:0x000007FEEA360000) ( 0x0, 0x800008, 0x800008, 0x0 ) 
0x00000001455F6108	NULL (NULL:0) (xtop:0x000000013F4B0000) ( 0x0, 0x0, 0x0, 0x1f4019e0 ) 
0x0000000142D3890F	NULL (NULL:0) (xtop:0x000000013F4B0000) ( 0x0, 0x0, 0x800008, 0x135cb298 ) 
0x0000000141A501EC	NULL (NULL:0) (xtop:0x000000013F4B0000) ( 0x0, 0x1, 0x0, 0x0 ) 
0x0000000141A5C7D8	NULL (NULL:0) (xtop:0x000000013F4B0000) ( 0x11604428, 0x11604428, 0x0, 0x11604428 ) 
0x0000000141A5C673	NULL (NULL:0) (xtop:0x000000013F4B0000) ( 0x11604428, 0x0, 0x1, 0x11604428 ) 
0x0000000140DA6DC7	NULL (NULL:0) (xtop:0x000000013F4B0000) ( 0x1f4019e0, 0x230, 0x99e550, 0x0 ) 
0x0000000140DC62BB	NULL (NULL:0) (xtop:0x000000013F4B0000) ( 0x99e890, 0x0, 0xfffffffe, 0xee0313c8 ) 
0x0000000140DE37A6	NULL (NULL:0) (xtop:0x000000013F4B0000) ( 0x41a3a7e0, 0x0, 0x0, 0x4 ) 
0x0000000140DE3A17	NULL (NULL:0) (xtop:0x000000013F4B0000) ( 0x99ea90, 0x800001, 0xc, 0x11604428 ) 
0x0000000141A3A6FD	NULL (NULL:0) (xtop:0x000000013F4B0000) ( 0xffffffff, 0x0, 0x1, 0xffffffff ) 
0x0000000141A39C69	NULL (NULL:0) (xtop:0x000000013F4B0000) ( 0x11604428, 0x4d52bfa0, 0x0, 0x800001 ) 
0x0000000140DB5E3D	NULL (NULL:0) (xtop:0x000000013F4B0000) ( 0x0, 0xe1ee35d0, 0xe1ee34a8, 0xddca950 ) 
0x000007FEE1E70D8A	NULL (NULL:0) (libui_sh:0x000007FEE1BF0000) ( 0x1, 0x202d77, 0xe1db3330, 0x11604428 ) 
0x000007FEE1DAE6B9	NULL (NULL:0) (libui_sh:0x000007FEE1BF0000) ( 0xdfb5700, 0x800001, 0xe2f9f60, 0xe2f9f60 ) 
0x0000000144E7D492	NULL (NULL:0) (xtop:0x000000013F4B0000) ( 0x99f040, 0x0, 0x99f300, 0x62c2c10 ) 
0x0000000144E77C49	NULL (NULL:0) (xtop:0x000000013F4B0000) ( 0x0, 0x99f350, 0x6385e08, 0xffffffff ) 
0x00000001455EACB2	NULL (NULL:0) (xtop:0x000000013F4B0000) ( 0x0, 0x62c2c10, 0x62c2c58, 0x0 ) 
0x00000001455EB400	NULL (NULL:0) (xtop:0x000000013F4B0000) ( 0x0, 0x0, 0x24, 0x0 ) 
0x00000001455F6357	NULL (NULL:0) (xtop:0x000000013F4B0000) ( 0x1, 0xffffffff, 0x99f5f0, 0x49f32910 ) 
0x00000001455EFFB4	NULL (NULL:0) (xtop:0x000000013F4B0000) ( 0x7, 0x0, 0x0, 0x0 ) 
0x000007FEEA3FA7EB	NULL (NULL:0) (coretools_sh:0x000007FEEA360000) ( 0x498c7160, 0x0, 0x3, 0x41ac5d3a ) 
0x00000001455F6108	NULL (NULL:0) (xtop:0x000000013F4B0000) ( 0x0, 0x0, 0x4de2c0f0, 0x4a3b7268 ) 
0x0000000140DE3C89	NULL (NULL:0) (xtop:0x000000013F4B0000) ( 0x4de2c0f0, 0x3, 0x0, 0x0 ) 
0x000000014088F44A	NULL (NULL:0) (xtop:0x000000013F4B0000) ( 0x4de2c0f0, 0x0, 0x3, 0x3 ) 
0x0000000146A27B8A	NULL (NULL:0) (xtop:0x000000013F4B0000) ( 0x1, 0x99f700, 0x3, 0x1 ) 
0x0000000146A27AA8	NULL (NULL:0) (xtop:0x000000013F4B0000) ( 0xa6cf2, 0xa, 0xa, 0x0 ) 
0x00000001404D4880	NULL (NULL:0) (xtop:0x000000013F4B0000) ( 0x0, 0x0, 0x0, 0x0 ) 
0x00000000770D59CD	NULL (NULL:0) (kernel32:0x00000000770C0000) ( 0x0, 0x0, 0x0, 0x0 ) 

Thread 5972
=====================
0x00000000772498EA	NULL (NULL:0) (ntdll:0x00000000771E0000) ( 0x84, 0xfa26010a, 0x42, 0x39df728 ) 
0x000007FEFCEE10AC	NULL (NULL:0) (KERNELBASE:0x000007FEFCEE0000) ( 0x301d120, 0x1, 0x0, 0x25c ) 
0x000007FEFA284BF4	NULL (NULL:0) (asyncoremt:0x000007FEFA250000) ( 0xfa2343c0, 0x3, 0x0, 0xfa1ecb02 ) 
0x000007FEFA27EE0E	NULL (NULL:0) (asyncoremt:0x000007FEFA250000) ( 0x301d120, 0x30350c0, 0x2f7c448, 0x0 ) 
0x000007FEFA27EB7A	NULL (NULL:0) (asyncoremt:0x000007FEFA250000) ( 0x0, 0xd666b0, 0x0, 0x30350c0 ) 
0x000007FEFA27EF62	NULL (NULL:0) (asyncoremt:0x000007FEFA250000) ( 0x0, 0x2cf2140, 0xd, 0x0 ) 
0x000007FEEA2A3FEF	NULL (NULL:0) (MSVCR110:0x000007FEEA280000) ( 0xea341db0, 0x0, 0x0, 0x0 ) 
0x000007FEEA2A4196	NULL (NULL:0) (MSVCR110:0x000007FEEA280000) ( 0x0, 0x0, 0x0, 0x0 ) 
0x00000000770D59CD	NULL (NULL:0) (kernel32:0x00000000770C0000) ( 0x0, 0x0, 0x0, 0x0 ) 

Thread 2580
=====================
0x0000000077249E5A	NULL (NULL:0) (ntdll:0x00000000771E0000) ( 0x0, 0x58000013, 0x340032, 0x0 ) 
0x000007FEFCEE1430	NULL (NULL:0) (KERNELBASE:0x000007FEFCEE0000) ( 0x433f720, 0x433f710, 0x0, 0x3010cc0 ) 
0x00000000770E16E3	NULL (NULL:0) (kernel32:0x00000000770C0000) ( 0x433f7a0, 0xffffffff, 0x1, 0x2c0 ) 
0x0000000076FD8F8D	NULL (NULL:0) (USER32:0x0000000076FC0000) ( 0x301d1a0, 0xfa2953c0, 0x0, 0x1406f2 ) 
0x0000000076FD6272	NULL (NULL:0) (USER32:0x0000000076FC0000) ( 0xfa2343d0, 0xfa1e2171, 0xfa2343d0, 0xfa1ef3d0 ) 
0x000007FEFA284AA7	NULL (NULL:0) (asyncoremt:0x000007FEFA250000) ( 0x2f7c400, 0x301d1a0, 0x2fd8ac0, 0xfa1ecb02 ) 
0x000007FEFA27EE0E	NULL (NULL:0) (asyncoremt:0x000007FEFA250000) ( 0x301d1a0, 0x2fd8ac0, 0x2f7c448, 0x0 ) 
0x000007FEFA27EB7A	NULL (NULL:0) (asyncoremt:0x000007FEFA250000) ( 0x0, 0xd666b0, 0x0, 0x2fd8ac0 ) 
0x000007FEFA27EF62	NULL (NULL:0) (asyncoremt:0x000007FEFA250000) ( 0x0, 0x2cf25c0, 0x0, 0x0 ) 
0x000007FEEA2A3FEF	NULL (NULL:0) (MSVCR110:0x000007FEEA280000) ( 0x0, 0x0, 0x0, 0x0 ) 
0x000007FEEA2A4196	NULL (NULL:0) (MSVCR110:0x000007FEEA280000) ( 0x0, 0x0, 0x0, 0x0 ) 
0x00000000770D59CD	NULL (NULL:0) (kernel32:0x00000000770C0000) ( 0x0, 0x0, 0x0, 0x0 ) 

Thread 6008
=====================
0x0000000077249E5A	NULL (NULL:0) (ntdll:0x00000000771E0000) ( 0x3011a50, 0x75920, 0x301a340, 0x21001534 ) 
0x000007FEFCEE1430	NULL (NULL:0) (KERNELBASE:0x000007FEFCEE0000) ( 0x4b9f8e0, 0x4b9f8c0, 0x0, 0xfcee10fc ) 
0x00000000770E16E3	NULL (NULL:0) (kernel32:0x00000000770C0000) ( 0x0, 0x4b9fc10, 0x3034c88, 0x4b9fa50 ) 
0x000007FEFA25B9BB	NULL (NULL:0) (asyncoremt:0x000007FEFA250000) ( 0x3034c88, 0x4b9fa50, 0x10, 0x0 ) 
0x000007FEFA25B680	NULL (NULL:0) (asyncoremt:0x000007FEFA250000) ( 0x3034c88, 0x20b69e6a, 0x1, 0x284 ) 
0x000007FEFA25B6EF	NULL (NULL:0) (asyncoremt:0x000007FEFA250000) ( 0xd99e1358, 0x0, 0x1, 0x1 ) 
0x000007FEFA256B2B	NULL (NULL:0) (asyncoremt:0x000007FEFA250000) ( 0x1, 0x2fa1580, 0x3018780, 0x0 ) 
0x000007FEFA284BAB	NULL (NULL:0) (asyncoremt:0x000007FEFA250000) ( 0xfa2343c0, 0x4, 0x0, 0xfa1ecb02 ) 
0x000007FEFA27EE0E	NULL (NULL:0) (asyncoremt:0x000007FEFA250000) ( 0x2fa1580, 0x303a440, 0x2f7c448, 0x0 ) 
0x000007FEFA27EB7A	NULL (NULL:0) (asyncoremt:0x000007FEFA250000) ( 0x0, 0xd666b0, 0x0, 0x303a440 ) 
0x000007FEFA27EF62	NULL (NULL:0) (asyncoremt:0x000007FEFA250000) ( 0x0, 0x2ced5b0, 0x0, 0x0 ) 
0x000007FEEA2A3FEF	NULL (NULL:0) (MSVCR110:0x000007FEEA280000) ( 0xea341db0, 0x0, 0x0, 0x0 ) 
0x000007FEEA2A4196	NULL (NULL:0) (MSVCR110:0x000007FEEA280000) ( 0x0, 0x0, 0x0, 0x0 ) 
0x00000000770D59CD	NULL (NULL:0) (kernel32:0x00000000770C0000) ( 0x0, 0x0, 0x0, 0x0 ) 

Thread 4884
=====================
0x0000000077249E5A	NULL (NULL:0) (ntdll:0x00000000771E0000) ( 0x70, 0xa70000, 0x303c6a8, 0xfcee2d30 ) 
0x000007FEFCEE1430	NULL (NULL:0) (KERNELBASE:0x000007FEFCEE0000) ( 0x545f8d8, 0x545f8b0, 0x0, 0xfa27f040 ) 
0x00000000770E16E3	NULL (NULL:0) (kernel32:0x00000000770C0000) ( 0x0, 0x545fc00, 0x3039ea8, 0x545fa40 ) 
0x000007FEFA25B9BB	NULL (NULL:0) (asyncoremt:0x000007FEFA250000) ( 0x3039ea8, 0x545fa40, 0x10, 0xfa258f84 ) 
0x000007FEFA25B680	NULL (NULL:0) (asyncoremt:0x000007FEFA250000) ( 0x3039ea8, 0x2040b163, 0x1, 0x1 ) 
0x000007FEFA25B6EF	NULL (NULL:0) (asyncoremt:0x000007FEFA250000) ( 0xd977032e, 0x1, 0x2171dc00, 0x1 ) 
0x000007FEFA256B2B	NULL (NULL:0) (asyncoremt:0x000007FEFA250000) ( 0x1, 0x3039d00, 0x4, 0x2171dc00 ) 
0x000007FEFA284C1B	NULL (NULL:0) (asyncoremt:0x000007FEFA250000) ( 0xfa1e0000, 0x0, 0x30187e0, 0xfa1f9f36 ) 
0x000007FEFA27F6F4	NULL (NULL:0) (asyncoremt:0x000007FEFA250000) ( 0x2f7c400, 0x3039d00, 0x303a630, 0x3010da0 ) 
0x000007FEFA27EE0E	NULL (NULL:0) (asyncoremt:0x000007FEFA250000) ( 0x3039d00, 0x303a630, 0x2f7c448, 0x0 ) 
0x000007FEFA27EB7A	NULL (NULL:0) (asyncoremt:0x000007FEFA250000) ( 0x0, 0xd666b0, 0x0, 0x303a630 ) 
0x000007FEFA27EF62	NULL (NULL:0) (asyncoremt:0x000007FEFA250000) ( 0x0, 0x2cf2140, 0x0, 0x0 ) 
0x000007FEEA2A3FEF	NULL (NULL:0) (MSVCR110:0x000007FEEA280000) ( 0xea341db0, 0x0, 0x0, 0x0 ) 
0x000007FEEA2A4196	NULL (NULL:0) (MSVCR110:0x000007FEEA280000) ( 0x0, 0x0, 0x0, 0x0 ) 
0x00000000770D59CD	NULL (NULL:0) (kernel32:0x00000000770C0000) ( 0x0, 0x0, 0x0, 0x0 ) 

Thread 3940
=====================
0x0000000077249E5A	NULL (NULL:0) (ntdll:0x00000000771E0000) ( 0x0, 0x101, 0x0, 0x771eaa20 ) 
0x00000000771F323D	NULL (NULL:0) (ntdll:0x00000000771E0000) ( 0x0, 0x0, 0x0, 0xa4fdf7b4 ) 
0x00000000770D59CD	NULL (NULL:0) (kernel32:0x00000000770C0000) ( 0x0, 0x0, 0x0, 0x0 ) 

Thread 4244
=====================
0x000000007724B19A	NULL (NULL:0) (ntdll:0x00000000771E0000) ( 0x6daf980, 0xfa1e7da5, 0x3, 0xffd0 ) 
0x00000000772A0454	NULL (NULL:0) (ntdll:0x00000000771E0000) ( 0xdc80148, 0x0, 0x30366c0, 0x62563d8 ) 
0x000000007710B6F8	NULL (NULL:0) (kernel32:0x00000000770C0000) ( 0x0, 0x0, 0xdc80148, 0xe3cfb4b2 ) 
0x000007FEFA1F94AB	NULL (NULL:0) (rtlcoremt:0x000007FEFA1E0000) ( 0xdc80148, 0x0, 0x0, 0x6252901 ) 
0x000007FEE3CFE7B8	NULL (NULL:0) (baselibmt:0x000007FEE3C20000) ( 0x2d08600, 0x62563d8, 0x0, 0x3cc ) 
0x0000000143318C8E	NULL (NULL:0) (xtop:0x000000013F4B0000) ( 0x0, 0x2d08600, 0x0, 0x2d08600 ) 
0x000007FEE3CFDDF2	NULL (NULL:0) (baselibmt:0x000007FEE3C20000) ( 0x2d08600, 0x0, 0x1900a0, 0x7fffffff ) 
0x000007FEEA2A3FEF	NULL (NULL:0) (MSVCR110:0x000007FEEA280000) ( 0xea341db0, 0x0, 0x0, 0x0 ) 
0x000007FEEA2A4196	NULL (NULL:0) (MSVCR110:0x000007FEEA280000) ( 0x0, 0x0, 0x0, 0x0 ) 
0x00000000770D59CD	NULL (NULL:0) (kernel32:0x00000000770C0000) ( 0x0, 0x0, 0x0, 0x0 ) 

Thread 3760
=====================
0x000000007724B1AA	NULL (NULL:0) (ntdll:0x00000000771E0000) ( 0x20000, 0xed440, 0x0, 0x0 ) 
0x00000000772D9A94	NULL (NULL:0) (ntdll:0x00000000771E0000) ( 0xed440, 0x0, 0xed440, 0x0 ) 
0x00000000770D59CD	NULL (NULL:0) (kernel32:0x00000000770C0000) ( 0x0, 0x0, 0x0, 0x0 ) 

Thread 2900
=====================
0x0000000077249E5A	NULL (NULL:0) (ntdll:0x00000000771E0000) ( 0x0, 0x0, 0x0, 0x0 ) 
0x000007FEFCEE1430	NULL (NULL:0) (KERNELBASE:0x000007FEFCEE0000) ( 0x7e0f788, 0x7e0f780, 0x0, 0xfcf99b8f ) 
0x00000000770E16E3	NULL (NULL:0) (kernel32:0x00000000770C0000) ( 0x0, 0x0, 0x2d1a710, 0x0 ) 
0x000007FEFCF720BE	NULL (NULL:0) (CRYPT32:0x000007FEFCF70000) ( 0x0, 0x0, 0x0, 0x0 ) 
0x00000000770D59CD	NULL (NULL:0) (kernel32:0x00000000770C0000) ( 0x0, 0x0, 0x0, 0x0 ) 

Thread 2404
=====================
0x000000007724993A	NULL (NULL:0) (ntdll:0x00000000771E0000) ( 0x0, 0x0, 0xfc684f60, 0xfc640000 ) 
0x000007FEFC645711	NULL (NULL:0) (mswsock:0x000007FEFC640000) ( 0xfc645780, 0x4c115b0, 0x0, 0x0 ) 
0x00000000770D59CD	NULL (NULL:0) (kernel32:0x00000000770C0000) ( 0x0, 0x0, 0x0, 0x0 ) 

Thread 4624
=====================
0x000000007724B1AA	NULL (NULL:0) (ntdll:0x00000000771E0000) ( 0x20000, 0xed8f0, 0x0, 0x0 ) 
0x00000000772D9A94	NULL (NULL:0) (ntdll:0x00000000771E0000) ( 0xed8f0, 0x0, 0xed8f0, 0x0 ) 
0x00000000770D59CD	NULL (NULL:0) (kernel32:0x00000000770C0000) ( 0x0, 0x0, 0x0, 0x0 ) 

Thread 2560
=====================
0x00000000772498EA	NULL (NULL:0) (ntdll:0x00000000771E0000) ( 0x0, 0x1, 0x1, 0xfa27e94a ) 
0x000007FEFCEE10AC	NULL (NULL:0) (KERNELBASE:0x000007FEFCEE0000) ( 0x2f7c448, 0x0, 0x0, 0x684 ) 
0x000007FEE3C4C945	NULL (NULL:0) (baselibmt:0x000007FEE3C20000) ( 0x1, 0x2f7c448, 0x2f7c448, 0x0 ) 
0x000007FEFA27EC65	NULL (NULL:0) (asyncoremt:0x000007FEFA250000) ( 0x0, 0xd666b0, 0x0, 0x303aa10 ) 
0x000007FEFA27EF62	NULL (NULL:0) (asyncoremt:0x000007FEFA250000) ( 0x0, 0x2d8cf80, 0x0, 0x0 ) 
0x000007FEEA2A3FEF	NULL (NULL:0) (MSVCR110:0x000007FEEA280000) ( 0xea341db0, 0x0, 0x0, 0x0 ) 
0x000007FEEA2A4196	NULL (NULL:0) (MSVCR110:0x000007FEEA280000) ( 0x0, 0x0, 0x0, 0x0 ) 
0x00000000770D59CD	NULL (NULL:0) (kernel32:0x00000000770C0000) ( 0x0, 0x0, 0x0, 0x0 ) 

Thread 836
=====================
0x0000000077249E5A	NULL (NULL:0) (ntdll:0x00000000771E0000) ( 0x0, 0x0, 0x0, 0x0 ) 
0x000007FEFCEE1430	NULL (NULL:0) (KERNELBASE:0x000007FEFCEE0000) ( 0xa70f9d0, 0xa70f9c0, 0x0, 0x0 ) 
0x00000000770D06C0	NULL (NULL:0) (kernel32:0x00000000770C0000) ( 0x0, 0x0, 0x0, 0x0 ) 
0x0000000145584D26	NULL (NULL:0) (xtop:0x000000013F4B0000) ( 0x0, 0x0, 0x0, 0x0 ) 
0x00000000770D59CD	NULL (NULL:0) (kernel32:0x00000000770C0000) ( 0x0, 0x0, 0x0, 0x0 ) 

Thread 2712
=====================
0x000000007724B1AA	NULL (NULL:0) (ntdll:0x00000000771E0000) ( 0x20000, 0x0, 0x924bd30, 0x2dda998 ) 
0x00000000772D9A94	NULL (NULL:0) (ntdll:0x00000000771E0000) ( 0xed9e0, 0x3, 0xed9e0, 0x924bd30 ) 
0x00000000770D59CD	NULL (NULL:0) (kernel32:0x00000000770C0000) ( 0x0, 0x0, 0x0, 0x0 ) 

Thread 3932
=====================
0x000000007724B1AA	NULL (NULL:0) (ntdll:0x00000000771E0000) ( 0x20000, 0x0, 0x924bfd0, 0x2ddad88 ) 
0x00000000772D9A94	NULL (NULL:0) (ntdll:0x00000000771E0000) ( 0xed9e0, 0x2, 0xed9e0, 0x924bfd0 ) 
0x00000000770D59CD	NULL (NULL:0) (kernel32:0x00000000770C0000) ( 0x0, 0x0, 0x0, 0x0 ) 

Thread 4576
=====================
0x0000000077249E5A	NULL (NULL:0) (ntdll:0x00000000771E0000) ( 0x996633, 0xff6633, 0x339933, 0x999933 ) 
0x000007FEFCEE1430	NULL (NULL:0) (KERNELBASE:0x000007FEFCEE0000) ( 0xd04fa30, 0xd04fa20, 0x0, 0x336699 ) 
0x00000000770E16E3	NULL (NULL:0) (kernel32:0x00000000770C0000) ( 0xd04fab0, 0xffffffff, 0x1, 0x710 ) 
0x0000000076FD8F8D	NULL (NULL:0) (USER32:0x0000000076FC0000) ( 0x0, 0x0, 0x0, 0x1 ) 
0x0000000076FD6272	NULL (NULL:0) (USER32:0x0000000076FC0000) ( 0x99ccff, 0xffccff, 0x33ffff, 0x99ffff ) 
0x0000000076FD62A0	NULL (NULL:0) (USER32:0x0000000076FC0000) ( 0x0, 0x0, 0x0, 0x0 ) 
0x000007FEFB4A2D64	NULL (NULL:0) (gdiplus:0x000007FEFB430000) ( 0x6e34180, 0x70c, 0x0, 0x0 ) 
0x000007FEFB4A2BC8	NULL (NULL:0) (gdiplus:0x000007FEFB430000) ( 0x0, 0x0, 0x0, 0x0 ) 
0x00000000770D59CD	NULL (NULL:0) (kernel32:0x00000000770C0000) ( 0x0, 0x0, 0x0, 0x0 ) 

Thread 3384
=====================
0x000000007724B19A	NULL (NULL:0) (ntdll:0x00000000771E0000) ( 0xf0af8c8, 0xf0af8c8, 0xf0af990, 0x8007000e ) 
0x00000000772A0454	NULL (NULL:0) (ntdll:0x00000000771E0000) ( 0xdc80148, 0x0, 0x30366c0, 0x6255e80 ) 
0x000000007710B6F8	NULL (NULL:0) (kernel32:0x00000000770C0000) ( 0x9262780, 0x9262780, 0xdc80148, 0xe3cfb4b2 ) 
0x000007FEFA1F94AB	NULL (NULL:0) (rtlcoremt:0x000007FEFA1E0000) ( 0xdc80148, 0x0, 0x9262780, 0x9342740 ) 
0x000007FEE3CFE7B8	NULL (NULL:0) (baselibmt:0x000007FEE3C20000) ( 0x9342700, 0x6255e80, 0x0, 0x9343060 ) 
0x0000000143318C8E	NULL (NULL:0) (xtop:0x000000013F4B0000) ( 0x0, 0x9342740, 0xff1a0100, 0x935ee30 ) 
0x000007FEE3CFDDF2	NULL (NULL:0) (baselibmt:0x000007FEE3C20000) ( 0x9342700, 0x0, 0x937f5f0, 0x0 ) 
0x000007FEEA2A3FEF	NULL (NULL:0) (MSVCR110:0x000007FEEA280000) ( 0xea341db0, 0x0, 0x0, 0x0 ) 
0x000007FEEA2A4196	NULL (NULL:0) (MSVCR110:0x000007FEEA280000) ( 0x0, 0x0, 0x0, 0x0 ) 
0x00000000770D59CD	NULL (NULL:0) (kernel32:0x00000000770C0000) ( 0x0, 0x0, 0x0, 0x0 ) 

Thread 4140
=====================
0x000000007724B19A	NULL (NULL:0) (ntdll:0x00000000771E0000) ( 0xf9ef5c8, 0xf9ef5c8, 0xf9ef690, 0x8007000e ) 
0x00000000772A0454	NULL (NULL:0) (ntdll:0x00000000771E0000) ( 0xdc80148, 0x0, 0x30366c0, 0x6255890 ) 
0x000000007710B6F8	NULL (NULL:0) (kernel32:0x00000000770C0000) ( 0x93cfa10, 0x93cfa10, 0xdc80148, 0xe3cfb4b2 ) 
0x000007FEFA1F94AB	NULL (NULL:0) (rtlcoremt:0x000007FEFA1E0000) ( 0xdc80148, 0x0, 0x93cfa10, 0x9342bd0 ) 
0x000007FEE3CFE7B8	NULL (NULL:0) (baselibmt:0x000007FEE3C20000) ( 0x9342b00, 0x6255890, 0x0, 0x9342740 ) 
0x0000000143318C8E	NULL (NULL:0) (xtop:0x000000013F4B0000) ( 0x0, 0x9342bd0, 0xff1a0100, 0x935ee30 ) 
0x000007FEE3CFDDF2	NULL (NULL:0) (baselibmt:0x000007FEE3C20000) ( 0x9342b00, 0x0, 0x937f670, 0x0 ) 
0x000007FEEA2A3FEF	NULL (NULL:0) (MSVCR110:0x000007FEEA280000) ( 0xea341db0, 0x0, 0x0, 0x0 ) 
0x000007FEEA2A4196	NULL (NULL:0) (MSVCR110:0x000007FEEA280000) ( 0x0, 0x0, 0x0, 0x0 ) 
0x00000000770D59CD	NULL (NULL:0) (kernel32:0x00000000770C0000) ( 0x0, 0x0, 0x0, 0x0 ) 

Thread 4252
=====================
0x0000000077249BEA	NULL (NULL:0) (ntdll:0x00000000771E0000) ( 0x125bfb38, 0xea3fb619, 0x1, 0x53 ) 
0x000007FEFCEE1203	NULL (NULL:0) (KERNELBASE:0x000007FEFCEE0000) ( 0x5, 0x0, 0x0, 0x0 ) 
0x000007FEE3CFC938	NULL (NULL:0) (baselibmt:0x000007FEE3C20000) ( 0x4, 0x1, 0x1, 0x0 ) 
0x00000001444C6AB6	NULL (NULL:0) (xtop:0x000000013F4B0000) ( 0x0, 0x138febf0, 0x0, 0x1439aec8 ) 
0x000007FEEA3FB151	NULL (NULL:0) (coretools_sh:0x000007FEEA360000) ( 0x0, 0x0, 0x0, 0x9342b00 ) 
0x000007FEE3CFDDF2	NULL (NULL:0) (baselibmt:0x000007FEE3C20000) ( 0x9342b00, 0x0, 0x937faf0, 0x7fffffff ) 
0x000007FEEA2A3FEF	NULL (NULL:0) (MSVCR110:0x000007FEEA280000) ( 0xea341db0, 0x0, 0x0, 0x0 ) 
0x000007FEEA2A4196	NULL (NULL:0) (MSVCR110:0x000007FEEA280000) ( 0x0, 0x0, 0x0, 0x0 ) 
0x00000000770D59CD	NULL (NULL:0) (kernel32:0x00000000770C0000) ( 0x0, 0x0, 0x0, 0x0 ) 

Thread 4472
=====================
0x000000007724B1AA	NULL (NULL:0) (ntdll:0x00000000771E0000) ( 0x20000, 0x93b3d60, 0x0, 0x0 ) 
0x00000000772D9A94	NULL (NULL:0) (ntdll:0x00000000771E0000) ( 0x93b3d60, 0x0, 0x93b3d60, 0x0 ) 
0x00000000770D59CD	NULL (NULL:0) (kernel32:0x00000000770C0000) ( 0x0, 0x0, 0x0, 0x0 ) 

Thread 4204
=====================
0x000000007724B1AA	NULL (NULL:0) (ntdll:0x00000000771E0000) ( 0x20000, 0x93b3d60, 0x0, 0x0 ) 
0x00000000772D9A94	NULL (NULL:0) (ntdll:0x00000000771E0000) ( 0x93b3d60, 0x0, 0x93b3d60, 0x0 ) 
0x00000000770D59CD	NULL (NULL:0) (kernel32:0x00000000770C0000) ( 0x0, 0x0, 0x0, 0x0 ) 

Thread 2600
=====================
0x000000007724B1AA	NULL (NULL:0) (ntdll:0x00000000771E0000) ( 0x0, 0x93b3d60, 0x0, 0x0 ) 
0x00000000772D9A94	NULL (NULL:0) (ntdll:0x00000000771E0000) ( 0x93b3d60, 0x0, 0x93b3d60, 0x0 ) 
0x00000000770D59CD	NULL (NULL:0) (kernel32:0x00000000770C0000) ( 0x0, 0x0, 0x0, 0x0 ) 

Thread 4272
=====================
0x000000007724B1AA	NULL (NULL:0) (ntdll:0x00000000771E0000) ( 0x20000, 0x20000, 0x199d5e10, 0x93b3d60 ) 
0x00000000772D9A94	NULL (NULL:0) (ntdll:0x00000000771E0000) ( 0x93b3d60, 0x3, 0x93b3d60, 0x2d4e400 ) 
0x00000000770D59CD	NULL (NULL:0) (kernel32:0x00000000770C0000) ( 0x0, 0x0, 0x0, 0x0 ) 

Thread 1420
=====================
0x00000000772498EA	NULL (NULL:0) (ntdll:0x00000000771E0000) ( 0x0, 0x1, 0x1, 0xfa27e94a ) 
0x000007FEFCEE10AC	NULL (NULL:0) (KERNELBASE:0x000007FEFCEE0000) ( 0x2f7c448, 0x58c, 0x0, 0x890 ) 
0x000007FEE3C4C945	NULL (NULL:0) (baselibmt:0x000007FEE3C20000) ( 0x1, 0x2f7c448, 0x2f7c448, 0x0 ) 
0x000007FEFA27EC65	NULL (NULL:0) (asyncoremt:0x000007FEFA250000) ( 0x0, 0xd666b0, 0x0, 0x303b1d0 ) 
0x000007FEFA27EF62	NULL (NULL:0) (asyncoremt:0x000007FEFA250000) ( 0x0, 0x9346bb0, 0x0, 0x0 ) 
0x000007FEEA2A3FEF	NULL (NULL:0) (MSVCR110:0x000007FEEA280000) ( 0xea341db0, 0x0, 0x0, 0x0 ) 
0x000007FEEA2A4196	NULL (NULL:0) (MSVCR110:0x000007FEEA280000) ( 0x0, 0x0, 0x0, 0x0 ) 
0x00000000770D59CD	NULL (NULL:0) (kernel32:0x00000000770C0000) ( 0x0, 0x0, 0x0, 0x0 ) 

Thread 3200
=====================
0x0000000077249BEA	NULL (NULL:0) (ntdll:0x00000000771E0000) ( 0x1beffaf8, 0xea3fb79d, 0x0, 0x0 ) 
0x000007FEFCEE1203	NULL (NULL:0) (KERNELBASE:0x000007FEFCEE0000) ( 0x0, 0x0, 0x0, 0x0 ) 
0x000007FEFA531FF9	NULL (NULL:0) (exitlogger_app_sh:0x000007FEFA530000) ( 0x3c, 0x12c, 0x0, 0x935ef90 ) 
0x000007FEE3CFDDF2	NULL (NULL:0) (baselibmt:0x000007FEE3C20000) ( 0x9346b00, 0x0, 0x1471eda0, 0x0 ) 
0x000007FEEA2A3FEF	NULL (NULL:0) (MSVCR110:0x000007FEEA280000) ( 0xea341db0, 0x0, 0x0, 0x0 ) 
0x000007FEEA2A4196	NULL (NULL:0) (MSVCR110:0x000007FEEA280000) ( 0x0, 0x0, 0x0, 0x0 ) 
0x00000000770D59CD	NULL (NULL:0) (kernel32:0x00000000770C0000) ( 0x0, 0x0, 0x0, 0x0 ) 

Thread 2084
=====================
0x00000000772498EA	NULL (NULL:0) (ntdll:0x00000000771E0000) ( 0x14122b38, 0xfa1eeb99, 0x8, 0x8 ) 
0x000007FEFCEE10AC	NULL (NULL:0) (KERNELBASE:0x000007FEFCEE0000) ( 0x1471f0b8, 0x6252f98, 0x0, 0x8b8 ) 
0x000007FEE3C4C919	NULL (NULL:0) (baselibmt:0x000007FEE3C20000) ( 0x0, 0x9346b01, 0xa74ba8, 0x40 ) 
0x000007FEE3CFE028	NULL (NULL:0) (baselibmt:0x000007FEE3C20000) ( 0x9346b00, 0x0, 0x1471f0a0, 0x7fffffff ) 
0x000007FEEA2A3FEF	NULL (NULL:0) (MSVCR110:0x000007FEEA280000) ( 0xea341db0, 0x0, 0x0, 0x0 ) 
0x000007FEEA2A4196	NULL (NULL:0) (MSVCR110:0x000007FEEA280000) ( 0x0, 0x0, 0x0, 0x0 ) 
0x00000000770D59CD	NULL (NULL:0) (kernel32:0x00000000770C0000) ( 0x0, 0x0, 0x0, 0x0 ) 

Thread 3912
=====================
0x00000000772498EA	NULL (NULL:0) (ntdll:0x00000000771E0000) ( 0x0, 0x1, 0x1, 0xfa27e94a ) 
0x000007FEFCEE10AC	NULL (NULL:0) (KERNELBASE:0x000007FEFCEE0000) ( 0x2f7c448, 0xf48, 0x0, 0x8cc ) 
0x000007FEE3C4C945	NULL (NULL:0) (baselibmt:0x000007FEE3C20000) ( 0x1, 0x2f7c448, 0x2f7c448, 0x0 ) 
0x000007FEFA27EC65	NULL (NULL:0) (asyncoremt:0x000007FEFA250000) ( 0x0, 0xd666b0, 0x0, 0x303b7a0 ) 
0x000007FEFA27EF62	NULL (NULL:0) (asyncoremt:0x000007FEFA250000) ( 0x0, 0x9346bb0, 0x0, 0x0 ) 
0x000007FEEA2A3FEF	NULL (NULL:0) (MSVCR110:0x000007FEEA280000) ( 0xea341db0, 0x0, 0x0, 0x0 ) 
0x000007FEEA2A4196	NULL (NULL:0) (MSVCR110:0x000007FEEA280000) ( 0x0, 0x0, 0x0, 0x0 ) 
0x00000000770D59CD	NULL (NULL:0) (kernel32:0x00000000770C0000) ( 0x0, 0x0, 0x0, 0x0 ) 

Thread 4628
=====================
0x00000000772498EA	NULL (NULL:0) (ntdll:0x00000000771E0000) ( 0x62b2e40, 0xfa1eeb99, 0x10, 0x10 ) 
0x000007FEFCEE10AC	NULL (NULL:0) (KERNELBASE:0x000007FEFCEE0000) ( 0x1471fc38, 0xe3dd64d0, 0x0, 0xbe8 ) 
0x000007FEE3C4C919	NULL (NULL:0) (baselibmt:0x000007FEE3C20000) ( 0x0, 0x9346b01, 0x0, 0x9346b00 ) 
0x000007FEE3CFE028	NULL (NULL:0) (baselibmt:0x000007FEE3C20000) ( 0x9346b00, 0x0, 0x1471fc20, 0x7fffffff ) 
0x000007FEEA2A3FEF	NULL (NULL:0) (MSVCR110:0x000007FEEA280000) ( 0xea341db0, 0x0, 0x0, 0x0 ) 
0x000007FEEA2A4196	NULL (NULL:0) (MSVCR110:0x000007FEEA280000) ( 0x0, 0x0, 0x0, 0x0 ) 
0x00000000770D59CD	NULL (NULL:0) (kernel32:0x00000000770C0000) ( 0x0, 0x0, 0x0, 0x0 ) 

Thread 652
=====================
0x00000000772498EA	NULL (NULL:0) (ntdll:0x00000000771E0000) ( 0x2c837fe8, 0xe3cfbaa2, 0x14122a30, 0xfa1ed959 ) 
0x000007FEFCEE10AC	NULL (NULL:0) (KERNELBASE:0x000007FEFCEE0000) ( 0x14720238, 0x14105798, 0x0, 0xcc0 ) 
0x000007FEE3C4C919	NULL (NULL:0) (baselibmt:0x000007FEE3C20000) ( 0x0, 0x1478df01, 0x0, 0x1478df00 ) 
0x000007FEE3CFE028	NULL (NULL:0) (baselibmt:0x000007FEE3C20000) ( 0x1478df00, 0x0, 0x14720220, 0x7fffffff ) 
0x000007FEEA2A3FEF	NULL (NULL:0) (MSVCR110:0x000007FEEA280000) ( 0xea341db0, 0x0, 0x0, 0x0 ) 
0x000007FEEA2A4196	NULL (NULL:0) (MSVCR110:0x000007FEEA280000) ( 0x0, 0x0, 0x0, 0x0 ) 
0x00000000770D59CD	NULL (NULL:0) (kernel32:0x00000000770C0000) ( 0x0, 0x0, 0x0, 0x0 ) 
