E:\CAD_LI\XPPUUC1\LOGPARAMS\LOGPARAMS\X64\DEBUG\TREENODE.OBJ
E:\CAD_LI\XPPUUC1\LOGPARAMS\LOGPARAMS\X64\DEBUG\VALUES.OBJ
E:\CAD_LI\XPPUUC1\LOGPARAMS\LOGPARAMS\X64\DEBUG\VC110.PDB
E:\CAD_LI\XPPUUC1\LOGPARAMS\LOGPARAMS\X64\DEBUG\MAIN.OBJ
E:\CAD_LI\XPPUUC1\LOGPARAMS\X64\DEBUG\LOGPARAMS.DLL
E:\CAD_LI\XPPUUC1\LOGPARAMS\X64\DEBUG\LOGPARAMS.PDB
E:\cad_Li\xPPUUC1\LogParams\x64\Debug\LogParams.lib
E:\cad_Li\xPPUUC1\LogParams\x64\Debug\LogParams.exp
E:\cad_Li\xPPUUC1\LogParams\LogParams\x64\Debug\main.obj
E:\cad_Li\xPPUUC1\LogParams\LogParams\x64\Debug\TreeNode.obj
E:\cad_Li\xPPUUC1\LogParams\LogParams\x64\Debug\Values.obj
E:\cad_Li\xPPUUC1\LogParams\LogParams\x64\Debug\cl.command.1.tlog
E:\cad_Li\xPPUUC1\LogParams\LogParams\x64\Debug\CL.read.1.tlog
E:\cad_Li\xPPUUC1\LogParams\LogParams\x64\Debug\CL.write.1.tlog
E:\cad_Li\xPPUUC1\LogParams\LogParams\x64\Debug\link-cvtres.read.1.tlog
E:\cad_Li\xPPUUC1\LogParams\LogParams\x64\Debug\link-cvtres.write.1.tlog
E:\cad_Li\xPPUUC1\LogParams\LogParams\x64\Debug\link-rc.read.1.tlog
E:\cad_Li\xPPUUC1\LogParams\LogParams\x64\Debug\link-rc.write.1.tlog
E:\cad_Li\xPPUUC1\LogParams\LogParams\x64\Debug\link.command.1.tlog
E:\cad_Li\xPPUUC1\LogParams\LogParams\x64\Debug\link.read.1.tlog
E:\cad_Li\xPPUUC1\LogParams\LogParams\x64\Debug\link.write.1.tlog
E:\cad_Li\xPPUUC1\LogParams\LogParams\x64\Debug\LogParams.write.1.tlog
E:\cad_Li\xPPUUC1\LogParams\LogParams\x64\Debug\vc110.idb
E:\cad_Li\xPPUUC1\LogParams\LogParams\x64\Debug\vc110.pdb
E:\cad_Li\xPPUUC1\LogParams\x64\Debug\LogParams.pdb
E:\cad_Li\xPPUUC1\LogParams\x64\Debug\LogParams.dll
